STEP to UG
! INFO-     NX STEP AP214 - V2506.3001
! INFO-      
! INFO-     Start of Translation: 16-FEB-2026  4:09:09 PM
! INFO-      
! STATUS-   Converting Part: C:\Users\ranki\Desktop\1-Hull\1-Hull Body\Hull_200_Final_AP214.step
! SUMMARY-   
! SUMMARY-    STEP Header Information
! SUMMARY-   
! SUMMARY-  Description      STEP AP214
! SUMMARY-  Description      CAx-IF Rec.Pracs.---User Defined Attributes---1.5---2016-08-15
! SUMMARY-  Imp_Level        2;1
! SUMMARY-  File_Name        6993b17a90fab60bcae6ee89
! SUMMARY-  Date             2026-02-17T00:08:26Z
! SUMMARY-  Author           Unknown
! SUMMARY-  Organization     Unknown
! SUMMARY-  Pre_Version      ST-DEVELOPER v20
! SUMMARY-  Orig_System      ONSHAPE BY PTC INC, 1.210
! SUMMARY-  Authorization      
! SUMMARY-  Schema_ID        automotive_design
! SUMMARY-   
! SUMMARY-    Summary of STEP Entities
! SUMMARY-   
! SUMMARY-  Entity Type                                                   Count
! SUMMARY-  -----------                                                   ------
! SUMMARY-  advanced_face ..............................................:      3
! SUMMARY-  application_context ........................................:      1
! SUMMARY-  axis2_placement_3d .........................................:      4
! SUMMARY-  b_spline_surface_with_knots ................................:      2
! SUMMARY-  cartesian_point ............................................:    812
! SUMMARY-  circle .....................................................:      2
! SUMMARY-  closed_shell ...............................................:      1
! SUMMARY-  direction ..................................................:      8
! SUMMARY-  edge_curve .................................................:      2
! SUMMARY-  edge_loop ..................................................:      4
! SUMMARY-  face_bound .................................................:      5
! SUMMARY-  geometric_representation_context_and_global_uncertainty_a ..:      1
! SUMMARY-  length_unit_and_si_unit ....................................:      1
! SUMMARY-  manifold_solid_brep ........................................:      1
! SUMMARY-  oriented_edge ..............................................:      4
! SUMMARY-  plane ......................................................:      1
! SUMMARY-  plane_angle_unit_and_si_unit ...............................:      1
! SUMMARY-  product ....................................................:      1
! SUMMARY-  product_context ............................................:      1
! SUMMARY-  product_definition .........................................:      1
! SUMMARY-  product_definition_context .................................:      1
! SUMMARY-  product_definition_formation_with_specified_source .........:      1
! SUMMARY-  product_definition_shape ...................................:      1
! SUMMARY-  product_related_product_category ...........................:      1
! SUMMARY-  si_unit_and_solid_angle_unit ...............................:      1
! SUMMARY-  uncertainty_measure_with_unit ..............................:      1
! SUMMARY-  vertex_loop ................................................:      1
! SUMMARY-  vertex_point ...............................................:      3
! SUMMARY-                                                               -------
! SUMMARY-  Total                                                            866
! STATUS-    
! STATUS-   Converting to Output Form (Phase 2 of 3): 16-FEB-2026 4:09:10 PM
! STATUS-    
! INFO-     Scaling data from metre to millimetre may prevent import of data which is beyond millimetre NX part bounding box 
! INFO-     Scaling data from metre to millimetre may prevent import of data which is beyond millimetre NX part bounding box 
! INFO-     Scaling data from metre to millimetre may prevent import of data which is beyond millimetre NX part bounding box 
! STATUS-    
! STATUS-   Generating UG geometry and placing them in parts
! STATUS-    
! STATUS-   Creating the UG part (Phase 3 of 3): 16-FEB-2026  4:09:10 PM
! INFO-     Filing Part ..: C:\Users\ranki\Desktop\1-Hull\2-Hull Mold Shape\Hull_200_Final_AP214.prt
! SUMMARY-   
! SUMMARY-  Summary of Unigraphics Part Entities
! SUMMARY-   
! SUMMARY-  Entities Processed             Count
! SUMMARY-  ------------------             -----
! SUMMARY-  Solid/Sheet .................:     1
! SUMMARY-                                 -----
! SUMMARY-  Total                              1
! INFO-      
! INFO-     Total number of solids input for this translation       :         1
! INFO-      
! INFO-     Number of solids created without body validation faults :         1
! INFO-      
! INFO-     Number of solids created with body validation fault(s)  :         0
! INFO-      
! INFO-     Number of solids ending up as sheet bodies              :         0
! INFO-      
! INFO-     End of Translation: 16-FEB-2026  4:09:10 PM
! INFO-      
STEP to UG
! INFO-     NX STEP AP214 - V2406.1700
! INFO-      
! INFO-     Start of Translation: 24-FEB-2026  6:15:47 PM
! INFO-      
! STATUS-   Converting Part: \\depot.engr.oregonstate.edu\users\rankihag\Windows.Documents\Desktop\10-NX System\1-Hull\1-Hull Body\Hull_200_Final_AP214.step
! SUMMARY-   
! SUMMARY-    STEP Header Information
! SUMMARY-   
! SUMMARY-  Description      STEP AP214
! SUMMARY-  Description      CAx-IF Rec.Pracs.---User Defined Attributes---1.5---2016-08-15
! SUMMARY-  Imp_Level        2;1
! SUMMARY-  File_Name        6993b17a90fab60bcae6ee89
! SUMMARY-  Date             2026-02-17T00:08:26Z
! SUMMARY-  Author           Unknown
! SUMMARY-  Organization     Unknown
! SUMMARY-  Pre_Version      ST-DEVELOPER v20
! SUMMARY-  Orig_System      ONSHAPE BY PTC INC, 1.210
! SUMMARY-  Authorization      
! SUMMARY-  Schema_ID        automotive_design
! SUMMARY-   
! SUMMARY-    Summary of STEP Entities
! SUMMARY-   
! SUMMARY-  Entity Type                                                   Count
! SUMMARY-  -----------                                                   ------
! SUMMARY-  advanced_face ..............................................:      3
! SUMMARY-  application_context ........................................:      1
! SUMMARY-  axis2_placement_3d .........................................:      4
! SUMMARY-  b_spline_surface_with_knots ................................:      2
! SUMMARY-  cartesian_point ............................................:    812
! SUMMARY-  circle .....................................................:      2
! SUMMARY-  closed_shell ...............................................:      1
! SUMMARY-  direction ..................................................:      8
! SUMMARY-  edge_curve .................................................:      2
! SUMMARY-  edge_loop ..................................................:      4
! SUMMARY-  face_bound .................................................:      5
! SUMMARY-  geometric_representation_context_and_global_uncertainty_a ..:      1
! SUMMARY-  length_unit_and_si_unit ....................................:      1
! SUMMARY-  manifold_solid_brep ........................................:      1
! SUMMARY-  oriented_edge ..............................................:      4
! SUMMARY-  plane ......................................................:      1
! SUMMARY-  plane_angle_unit_and_si_unit ...............................:      1
! SUMMARY-  product ....................................................:      1
! SUMMARY-  product_context ............................................:      1
! SUMMARY-  product_definition .........................................:      1
! SUMMARY-  product_definition_context .................................:      1
! SUMMARY-  product_definition_formation_with_specified_source .........:      1
! SUMMARY-  product_definition_shape ...................................:      1
! SUMMARY-  product_related_product_category ...........................:      1
! SUMMARY-  si_unit_and_solid_angle_unit ...............................:      1
! SUMMARY-  uncertainty_measure_with_unit ..............................:      1
! SUMMARY-  vertex_loop ................................................:      1
! SUMMARY-  vertex_point ...............................................:      3
! SUMMARY-                                                               -------
! SUMMARY-  Total                                                            866
! STATUS-    
! STATUS-   Converting to Output Form (Phase 2 of 3): 24-FEB-2026 6:15:47 PM
! STATUS-    
! INFO-     Scaling data from metre to millimetre may prevent import of data which is beyond millimetre NX part bounding box 
! INFO-     Scaling data from metre to millimetre may prevent import of data which is beyond millimetre NX part bounding box 
! INFO-     Scaling data from metre to millimetre may prevent import of data which is beyond millimetre NX part bounding box 
! STATUS-    
! STATUS-   Generating UG geometry and placing them in parts
! STATUS-    
! STATUS-   Creating the UG part (Phase 3 of 3): 24-FEB-2026  6:15:48 PM
! INFO-     Filing Part ..: \\depot.engr.oregonstate.edu\users\rankihag\Windows.Documents\Desktop\10-NX System\1-Hull\2-Hull Mold\Hull_200_Final_AP214.prt
! SUMMARY-   
! SUMMARY-  Summary of Unigraphics Part Entities
! SUMMARY-   
! SUMMARY-  Entities Processed             Count
! SUMMARY-  ------------------             -----
! SUMMARY-  Solid/Sheet .................:     1
! SUMMARY-                                 -----
! SUMMARY-  Total                              1
! INFO-      
! INFO-     Total number of solids input for this translation       :         1
! INFO-      
! INFO-     Number of solids created without body validation faults :         1
! INFO-      
! INFO-     Number of solids created with body validation fault(s)  :         0
! INFO-      
! INFO-     Number of solids ending up as sheet bodies              :         0
! INFO-      
! INFO-     End of Translation: 24-FEB-2026  6:15:49 PM
! INFO-      
STEP to UG
! INFO-     NX STEP AP214 - V2406.1700
! INFO-      
! INFO-     Start of Translation: 24-FEB-2026  6:16:28 PM
! INFO-      
! STATUS-   Converting Part: \\depot.engr.oregonstate.edu\users\rankihag\Windows.Documents\Desktop\10-NX System\1-Hull\1-Hull Body\Hull_200_Final_AP214.step
! SUMMARY-   
! SUMMARY-    STEP Header Information
! SUMMARY-   
! SUMMARY-  Description      STEP AP214
! SUMMARY-  Description      CAx-IF Rec.Pracs.---User Defined Attributes---1.5---2016-08-15
! SUMMARY-  Imp_Level        2;1
! SUMMARY-  File_Name        6993b17a90fab60bcae6ee89
! SUMMARY-  Date             2026-02-17T00:08:26Z
! SUMMARY-  Author           Unknown
! SUMMARY-  Organization     Unknown
! SUMMARY-  Pre_Version      ST-DEVELOPER v20
! SUMMARY-  Orig_System      ONSHAPE BY PTC INC, 1.210
! SUMMARY-  Authorization      
! SUMMARY-  Schema_ID        automotive_design
! SUMMARY-   
! SUMMARY-    Summary of STEP Entities
! SUMMARY-   
! SUMMARY-  Entity Type                                                   Count
! SUMMARY-  -----------                                                   ------
! SUMMARY-  advanced_face ..............................................:      3
! SUMMARY-  application_context ........................................:      1
! SUMMARY-  axis2_placement_3d .........................................:      4
! SUMMARY-  b_spline_surface_with_knots ................................:      2
! SUMMARY-  cartesian_point ............................................:    812
! SUMMARY-  circle .....................................................:      2
! SUMMARY-  closed_shell ...............................................:      1
! SUMMARY-  direction ..................................................:      8
! SUMMARY-  edge_curve .................................................:      2
! SUMMARY-  edge_loop ..................................................:      4
! SUMMARY-  face_bound .................................................:      5
! SUMMARY-  geometric_representation_context_and_global_uncertainty_a ..:      1
! SUMMARY-  length_unit_and_si_unit ....................................:      1
! SUMMARY-  manifold_solid_brep ........................................:      1
! SUMMARY-  oriented_edge ..............................................:      4
! SUMMARY-  plane ......................................................:      1
! SUMMARY-  plane_angle_unit_and_si_unit ...............................:      1
! SUMMARY-  product ....................................................:      1
! SUMMARY-  product_context ............................................:      1
! SUMMARY-  product_definition .........................................:      1
! SUMMARY-  product_definition_context .................................:      1
! SUMMARY-  product_definition_formation_with_specified_source .........:      1
! SUMMARY-  product_definition_shape ...................................:      1
! SUMMARY-  product_related_product_category ...........................:      1
! SUMMARY-  si_unit_and_solid_angle_unit ...............................:      1
! SUMMARY-  uncertainty_measure_with_unit ..............................:      1
! SUMMARY-  vertex_loop ................................................:      1
! SUMMARY-  vertex_point ...............................................:      3
! SUMMARY-                                                               -------
! SUMMARY-  Total                                                            866
! STATUS-    
! STATUS-   Converting to Output Form (Phase 2 of 3): 24-FEB-2026 6:16:28 PM
! STATUS-    
! INFO-     Scaling data from metre to millimetre may prevent import of data which is beyond millimetre NX part bounding box 
! INFO-     Scaling data from metre to millimetre may prevent import of data which is beyond millimetre NX part bounding box 
! INFO-     Scaling data from metre to millimetre may prevent import of data which is beyond millimetre NX part bounding box 
! STATUS-    
! STATUS-   Generating UG geometry and placing them in parts
! STATUS-    
! STATUS-   Creating the UG part (Phase 3 of 3): 24-FEB-2026  6:16:28 PM
! INFO-     Filing Part ..: \\depot.engr.oregonstate.edu\users\rankihag\Windows.Documents\Desktop\10-NX System\1-Hull\2-Hull Mold\Hull_200_Final_AP214.prt
! SUMMARY-   
! SUMMARY-  Summary of Unigraphics Part Entities
! SUMMARY-   
! SUMMARY-  Entities Processed             Count
! SUMMARY-  ------------------             -----
! SUMMARY-  Solid/Sheet .................:     1
! SUMMARY-                                 -----
! SUMMARY-  Total                              1
! INFO-      
! INFO-     Total number of solids input for this translation       :         1
! INFO-      
! INFO-     Number of solids created without body validation faults :         1
! INFO-      
! INFO-     Number of solids created with body validation fault(s)  :         0
! INFO-      
! INFO-     Number of solids ending up as sheet bodies              :         0
! INFO-      
! INFO-     End of Translation: 24-FEB-2026  6:16:28 PM
! INFO-      
STEP to UG
! INFO-     NX STEP AP214 - V2406.1700
! INFO-      
! INFO-     Start of Translation: 24-FEB-2026  6:21:07 PM
! INFO-      
! STATUS-   Converting Part: \\depot.engr.oregonstate.edu\users\rankihag\Windows.Documents\Desktop\10-NX System\1-Hull\1-Hull Body\Hull_200_Final_AP214.step
! SUMMARY-   
! SUMMARY-    STEP Header Information
! SUMMARY-   
! SUMMARY-  Description      STEP AP214
! SUMMARY-  Description      CAx-IF Rec.Pracs.---User Defined Attributes---1.5---2016-08-15
! SUMMARY-  Imp_Level        2;1
! SUMMARY-  File_Name        6993b17a90fab60bcae6ee89
! SUMMARY-  Date             2026-02-17T00:08:26Z
! SUMMARY-  Author           Unknown
! SUMMARY-  Organization     Unknown
! SUMMARY-  Pre_Version      ST-DEVELOPER v20
! SUMMARY-  Orig_System      ONSHAPE BY PTC INC, 1.210
! SUMMARY-  Authorization      
! SUMMARY-  Schema_ID        automotive_design
! SUMMARY-   
! SUMMARY-    Summary of STEP Entities
! SUMMARY-   
! SUMMARY-  Entity Type                                                   Count
! SUMMARY-  -----------                                                   ------
! SUMMARY-  advanced_face ..............................................:      3
! SUMMARY-  application_context ........................................:      1
! SUMMARY-  axis2_placement_3d .........................................:      4
! SUMMARY-  b_spline_surface_with_knots ................................:      2
! SUMMARY-  cartesian_point ............................................:    812
! SUMMARY-  circle .....................................................:      2
! SUMMARY-  closed_shell ...............................................:      1
! SUMMARY-  direction ..................................................:      8
! SUMMARY-  edge_curve .................................................:      2
! SUMMARY-  edge_loop ..................................................:      4
! SUMMARY-  face_bound .................................................:      5
! SUMMARY-  geometric_representation_context_and_global_uncertainty_a ..:      1
! SUMMARY-  length_unit_and_si_unit ....................................:      1
! SUMMARY-  manifold_solid_brep ........................................:      1
! SUMMARY-  oriented_edge ..............................................:      4
! SUMMARY-  plane ......................................................:      1
! SUMMARY-  plane_angle_unit_and_si_unit ...............................:      1
! SUMMARY-  product ....................................................:      1
! SUMMARY-  product_context ............................................:      1
! SUMMARY-  product_definition .........................................:      1
! SUMMARY-  product_definition_context .................................:      1
! SUMMARY-  product_definition_formation_with_specified_source .........:      1
! SUMMARY-  product_definition_shape ...................................:      1
! SUMMARY-  product_related_product_category ...........................:      1
! SUMMARY-  si_unit_and_solid_angle_unit ...............................:      1
! SUMMARY-  uncertainty_measure_with_unit ..............................:      1
! SUMMARY-  vertex_loop ................................................:      1
! SUMMARY-  vertex_point ...............................................:      3
! SUMMARY-                                                               -------
! SUMMARY-  Total                                                            866
! STATUS-    
! STATUS-   Converting to Output Form (Phase 2 of 3): 24-FEB-2026 6:21:07 PM
! STATUS-    
! INFO-     Scaling data from metre to millimetre may prevent import of data which is beyond millimetre NX part bounding box 
! INFO-     Scaling data from metre to millimetre may prevent import of data which is beyond millimetre NX part bounding box 
! INFO-     Scaling data from metre to millimetre may prevent import of data which is beyond millimetre NX part bounding box 
! STATUS-    
! STATUS-   Generating UG geometry and placing them in parts
! STATUS-    
! STATUS-   Creating the UG part (Phase 3 of 3): 24-FEB-2026  6:21:07 PM
! INFO-     Filing Part ..: \\depot.engr.oregonstate.edu\users\rankihag\Windows.Documents\Desktop\10-NX System\1-Hull\2-Hull Mold\Hull_200_Final_AP214.prt
! SUMMARY-   
! SUMMARY-  Summary of Unigraphics Part Entities
! SUMMARY-   
! SUMMARY-  Entities Processed             Count
! SUMMARY-  ------------------             -----
! SUMMARY-  Solid/Sheet .................:     1
! SUMMARY-                                 -----
! SUMMARY-  Total                              1
! INFO-      
! INFO-     Total number of solids input for this translation       :         1
! INFO-      
! INFO-     Number of solids created without body validation faults :         1
! INFO-      
! INFO-     Number of solids created with body validation fault(s)  :         0
! INFO-      
! INFO-     Number of solids ending up as sheet bodies              :         0
! INFO-      
! INFO-     End of Translation: 24-FEB-2026  6:21:08 PM
! INFO-      
